<?xml version="1.0" encoding="UTF-8"?>
<!-- Generated by org.testng.reporters.JUnitXMLReporter -->
<testsuite ignored="21" hostname="NUC2" failures="1" tests="1" name="Default test" time="85.335" errors="0" timestamp="2024-08-08T18:30:17 IST">
  <testcase classname="org.BIMNetworks.BuyDirect_Test.EnrollPageTest" name="testTextBeforeSignInHereLink" time="33.398">
    <failure type="org.openqa.selenium.TimeoutException" message="Expected condition failed: waiting for visibility of Located by By.xpath: //div[@id=&amp;apos;openingWelcome&amp;apos;]/div[2]/div[2]//parent::p (tried for 30 second(s) with 500 milliseconds interval)
Build info: version: &amp;apos;4.23.0&amp;apos;, revision: &amp;apos;4df0a231af&amp;apos;
System info: os.name: &amp;apos;Windows 10&amp;apos;, os.arch: &amp;apos;amd64&amp;apos;, os.version: &amp;apos;10.0&amp;apos;, java.version: &amp;apos;22&amp;apos;
Driver info: io.appium.java_client.android.AndroidDriver
Capabilities {appium:automationName: UiAutomator2, appium:chromedriver_autodownload: true, appium:databaseEnabled: false, appium:desired: {appActivity: com.android.chrome/com.goog..., appPackage: com.android.chrome, automationName: UiAutomator2, browserName: Chrome, chromedriver_autodownload: true, deviceName: emulator-5554, newCommandTimeout: 600, noReset: true, platformName: ANDROID, platformVersion: 14}, appium:deviceApiLevel: 34, appium:deviceManufacturer: Google, appium:deviceModel: sdk_gphone64_x86_64, appium:deviceName: emulator-5554, appium:deviceScreenDensity: 440, appium:deviceScreenSize: 1080x2220, appium:deviceUDID: emulator-5554, appium:javascriptEnabled: true, appium:locationContextEnabled: false, appium:networkConnectionEnabled: true, appium:newCommandTimeout: 600, appium:noReset: true, appium:pixelRatio: 2.75, appium:platformVersion: 14, appium:statBarHeight: 66, appium:takesScreenshot: true, appium:viewportRect: {height: 2154, left: 0, top: 66, width: 1080}, appium:warnings: {}, appium:webStorageEnabled: false, browserName: Chrome, platformName: ANDROID}
Session ID: 6919c16a-a03f-4c42-9167-78b37d32ce70">
      <![CDATA[org.openqa.selenium.TimeoutException: Expected condition failed: waiting for visibility of Located by By.xpath: //div[@id='openingWelcome']/div[2]/div[2]//parent::p (tried for 30 second(s) with 500 milliseconds interval)
Build info: version: '4.23.0', revision: '4df0a231af'
System info: os.name: 'Windows 10', os.arch: 'amd64', os.version: '10.0', java.version: '22'
Driver info: io.appium.java_client.android.AndroidDriver
Capabilities {appium:automationName: UiAutomator2, appium:chromedriver_autodownload: true, appium:databaseEnabled: false, appium:desired: {appActivity: com.android.chrome/com.goog..., appPackage: com.android.chrome, automationName: UiAutomator2, browserName: Chrome, chromedriver_autodownload: true, deviceName: emulator-5554, newCommandTimeout: 600, noReset: true, platformName: ANDROID, platformVersion: 14}, appium:deviceApiLevel: 34, appium:deviceManufacturer: Google, appium:deviceModel: sdk_gphone64_x86_64, appium:deviceName: emulator-5554, appium:deviceScreenDensity: 440, appium:deviceScreenSize: 1080x2220, appium:deviceUDID: emulator-5554, appium:javascriptEnabled: true, appium:locationContextEnabled: false, appium:networkConnectionEnabled: true, appium:newCommandTimeout: 600, appium:noReset: true, appium:pixelRatio: 2.75, appium:platformVersion: 14, appium:statBarHeight: 66, appium:takesScreenshot: true, appium:viewportRect: {height: 2154, left: 0, top: 66, width: 1080}, appium:warnings: {}, appium:webStorageEnabled: false, browserName: Chrome, platformName: ANDROID}
Session ID: 6919c16a-a03f-4c42-9167-78b37d32ce70
at org.openqa.selenium.support.ui.WebDriverWait.timeoutException(WebDriverWait.java:84)
at org.openqa.selenium.support.ui.FluentWait.until(FluentWait.java:228)
at org.BuyDirect_Android_utils.Generics.signInHereBeforeText(Generics.java:57)
at org.BIMNetworks.BuyDirect_Test.EnrollPageTest.testTextBeforeSignInHereLink(EnrollPageTest.java:419)
at java.base/jdk.internal.reflect.DirectMethodHandleAccessor.invoke(DirectMethodHandleAccessor.java:103)
at java.base/java.lang.reflect.Method.invoke(Method.java:580)
at org.testng.internal.MethodInvocationHelper.invokeMethod(MethodInvocationHelper.java:133)
at org.testng.internal.TestInvoker.invokeMethod(TestInvoker.java:598)
at org.testng.internal.TestInvoker.invokeTestMethod(TestInvoker.java:173)
at org.testng.internal.MethodRunner.runInSequence(MethodRunner.java:46)
at org.testng.internal.TestInvoker$MethodInvocationAgent.invoke(TestInvoker.java:824)
at org.testng.internal.TestInvoker.invokeTestMethods(TestInvoker.java:146)
at org.testng.internal.TestMethodWorker.invokeTestMethods(TestMethodWorker.java:146)
at org.testng.internal.TestMethodWorker.run(TestMethodWorker.java:128)
at java.base/java.util.ArrayList.forEach(ArrayList.java:1597)
at org.testng.TestRunner.privateRun(TestRunner.java:794)
at org.testng.TestRunner.run(TestRunner.java:596)
at org.testng.SuiteRunner.runTest(SuiteRunner.java:377)
at org.testng.SuiteRunner.runSequentially(SuiteRunner.java:371)
at org.testng.SuiteRunner.privateRun(SuiteRunner.java:332)
at org.testng.SuiteRunner.run(SuiteRunner.java:276)
at org.testng.SuiteRunnerWorker.runSuite(SuiteRunnerWorker.java:53)
at org.testng.SuiteRunnerWorker.run(SuiteRunnerWorker.java:96)
at org.testng.TestNG.runSuitesSequentially(TestNG.java:1212)
at org.testng.TestNG.runSuitesLocally(TestNG.java:1134)
at org.testng.TestNG.runSuites(TestNG.java:1063)
at org.testng.TestNG.run(TestNG.java:1031)
at org.testng.remote.AbstractRemoteTestNG.run(AbstractRemoteTestNG.java:115)
at org.testng.remote.RemoteTestNG.initAndRun(RemoteTestNG.java:293)
at org.testng.remote.RemoteTestNG.main(RemoteTestNG.java:91)
]]>
    </failure>
  </testcase> <!-- testTextBeforeSignInHereLink -->
  <testcase classname="org.BIMNetworks.BuyDirect_Test.EnrollPageTest" name="brokenImageTest" time="0.0">
    <ignored/>
  </testcase> <!-- brokenImageTest -->
  <testcase classname="org.BIMNetworks.BuyDirect_Test.EnrollPageTest" name="testIsDLRequired" time="0.0">
    <ignored/>
  </testcase> <!-- testIsDLRequired -->
  <testcase classname="org.BIMNetworks.BuyDirect_Test.EnrollPageTest" name="testSignInHereLinkTextisDisplayed" time="0.0">
    <ignored/>
  </testcase> <!-- testSignInHereLinkTextisDisplayed -->
  <testcase classname="org.BIMNetworks.BuyDirect_Test.EnrollPageTest" name="testTextNotificationsLinkOpensNewWindow" time="0.0">
    <ignored/>
  </testcase> <!-- testTextNotificationsLinkOpensNewWindow -->
  <testcase classname="org.BIMNetworks.BuyDirect_Test.EnrollPageTest" name="testValidateTermsAndConditions" time="0.0">
    <ignored/>
  </testcase> <!-- testValidateTermsAndConditions -->
  <testcase classname="org.BIMNetworks.BuyDirect_Test.EnrollPageTest" name="testValidEnrollmentInputFields" time="0.0">
    <ignored/>
  </testcase> <!-- testValidEnrollmentInputFields -->
  <testcase classname="org.BIMNetworks.BuyDirect_Test.EnrollPageTest" name="testPartnerTenderNameisDisplayed" time="0.0">
    <ignored/>
  </testcase> <!-- testPartnerTenderNameisDisplayed -->
  <testcase classname="org.BIMNetworks.BuyDirect_Test.EnrollPageTest" name="clickOnWelcomePageContinueButton" time="0.0">
    <ignored/>
  </testcase> <!-- clickOnWelcomePageContinueButton -->
  <testcase classname="org.BIMNetworks.BuyDirect_Test.EnrollPageTest" name="testTextNotificationsLinkTextIsDisplayed" time="0.0">
    <ignored/>
  </testcase> <!-- testTextNotificationsLinkTextIsDisplayed -->
  <testcase classname="org.BIMNetworks.BuyDirect_Test.EnrollPageTest" name="testPartnerLogo" time="0.0">
    <ignored/>
  </testcase> <!-- testPartnerLogo -->
  <testcase classname="org.BIMNetworks.BuyDirect_Test.EnrollPageTest" name="testTermsAndConditionsLinkTextIsDisplayed" time="0.0">
    <ignored/>
  </testcase> <!-- testTermsAndConditionsLinkTextIsDisplayed -->
  <testcase classname="org.BIMNetworks.BuyDirect_Test.EnrollPageTest" name="testTermsAndConditionsBeforeTextIsDisplayed" time="0.0">
    <ignored/>
  </testcase> <!-- testTermsAndConditionsBeforeTextIsDisplayed -->
  <testcase classname="org.BIMNetworks.BuyDirect_Test.EnrollPageTest" name="testTermsAndConditionsLinkIsNotBroken" time="0.0">
    <ignored/>
  </testcase> <!-- testTermsAndConditionsLinkIsNotBroken -->
  <testcase classname="org.BIMNetworks.BuyDirect_Test.EnrollPageTest" name="testTextNotificationsLinkIsNotBroken" time="0.0">
    <ignored/>
  </testcase> <!-- testTextNotificationsLinkIsNotBroken -->
  <testcase classname="org.BIMNetworks.BuyDirect_Test.EnrollPageTest" name="testTermsAndConditionsLinkOpensNewWindow" time="0.0">
    <ignored/>
  </testcase> <!-- testTermsAndConditionsLinkOpensNewWindow -->
  <testcase classname="org.BIMNetworks.BuyDirect_Test.EnrollPageTest" name="testCombinedTermsAndConditionsText" time="0.0">
    <ignored/>
  </testcase> <!-- testCombinedTermsAndConditionsText -->
  <testcase classname="org.BIMNetworks.BuyDirect_Test.EnrollPageTest" name="testEnrollPageRequiredFieldErrorMessage" time="0.0">
    <ignored/>
  </testcase> <!-- testEnrollPageRequiredFieldErrorMessage -->
  <testcase classname="org.BIMNetworks.BuyDirect_Test.EnrollPageTest" name="testPartnerTenderNameHeader" time="0.0">
    <ignored/>
  </testcase> <!-- testPartnerTenderNameHeader -->
  <testcase classname="org.BIMNetworks.BuyDirect_Test.EnrollPageTest" name="testProgressIndicators" time="0.0">
    <ignored/>
  </testcase> <!-- testProgressIndicators -->
  <testcase classname="org.BIMNetworks.BuyDirect_Test.EnrollPageTest" name="testTextNotificationsTextIsDisplayed" time="0.0">
    <ignored/>
  </testcase> <!-- testTextNotificationsTextIsDisplayed -->
  <testcase classname="org.BIMNetworks.BuyDirect_Test.EnrollPageTest" name="test_PartnerLogoisDisplayed" time="0.0">
    <ignored/>
  </testcase> <!-- test_PartnerLogoisDisplayed -->
</testsuite> <!-- Default test -->
