<!DOCTYPE html>

<html>
  <head>
  <meta charset='utf-8'>
  <title>TestNG reports</title>

    <link type="text/css" href="testng-reports1.css" rel="stylesheet" id="ultra" />
    <link type="text/css" href="testng-reports.css" rel="stylesheet" id="retro" disabled="false"/>
    <script type="text/javascript" src="jquery.min.js"></script>
    <script type="text/javascript" src="testng-reports.js"></script>
    <script type="text/javascript" src="https://www.google.com/jsapi"></script>
    <script type='text/javascript'>
      google.load('visualization', '1', {packages:['table']});
      google.setOnLoadCallback(drawTable);
      var suiteTableInitFunctions = new Array();
      var suiteTableData = new Array();
    </script>
    <!--
      <script type="text/javascript" src="jquery-ui/js/jquery-ui-1.8.16.custom.min.js"></script>
     -->
  </head>

  <body>
    <div class="top-banner-root">
      <span class="top-banner-title-font">Test results</span>
      <button id="button" class="button">Switch Retro Theme</button> <!-- button -->
      <br/>
      <span class="top-banner-font-1">1 suite, 5 failed tests</span>
    </div> <!-- top-banner-root -->
    <div class="navigator-root">
      <div class="navigator-suite-header">
        <span>All suites</span>
        <a href="#" title="Collapse/expand all the suites" class="collapse-all-link">
          <img src="collapseall.gif" class="collapse-all-icon">
          </img> <!-- collapse-all-icon -->
        </a> <!-- collapse-all-link -->
      </div> <!-- navigator-suite-header -->
      <div class="suite">
        <div class="rounded-window">
          <div class="suite-header light-rounded-window-top">
            <a href="#" panel-name="suite-Mobile_BuyDirect_Automation_Test_Suite" class="navigator-link">
              <span class="suite-name border-failed">Mobile BuyDirect Automation Test Suite</span>
            </a> <!-- navigator-link -->
          </div> <!-- suite-header light-rounded-window-top -->
          <div class="navigator-suite-content">
            <div class="suite-section-title">
              <span>Info</span>
            </div> <!-- suite-section-title -->
            <div class="suite-section-content">
              <ul>
                <li>
                  <a href="#" panel-name="test-xml-Mobile_BuyDirect_Automation_Test_Suite" class="navigator-link ">
                    <span>D:\BuyDirect_Mob\BuyDirect_Android\src\test\resources\testng.xml</span>
                  </a> <!-- navigator-link  -->
                </li>
                <li>
                  <a href="#" panel-name="testlist-Mobile_BuyDirect_Automation_Test_Suite" class="navigator-link ">
                    <span class="test-stats">1 test</span>
                  </a> <!-- navigator-link  -->
                </li>
                <li>
                  <a href="#" panel-name="group-Mobile_BuyDirect_Automation_Test_Suite" class="navigator-link ">
                    <span>0 groups</span>
                  </a> <!-- navigator-link  -->
                </li>
                <li>
                  <a href="#" panel-name="times-Mobile_BuyDirect_Automation_Test_Suite" class="navigator-link ">
                    <span>Times</span>
                  </a> <!-- navigator-link  -->
                </li>
                <li>
                  <a href="#" panel-name="reporter-Mobile_BuyDirect_Automation_Test_Suite" class="navigator-link ">
                    <span>Reporter output</span>
                  </a> <!-- navigator-link  -->
                </li>
                <li>
                  <a href="#" panel-name="ignored-methods-Mobile_BuyDirect_Automation_Test_Suite" class="navigator-link ">
                    <span>Ignored methods</span>
                  </a> <!-- navigator-link  -->
                </li>
                <li>
                  <a href="#" panel-name="chronological-Mobile_BuyDirect_Automation_Test_Suite" class="navigator-link ">
                    <span>Chronological view</span>
                  </a> <!-- navigator-link  -->
                </li>
              </ul>
            </div> <!-- suite-section-content -->
            <div class="result-section">
              <div class="suite-section-title">
                <span>Results</span>
              </div> <!-- suite-section-title -->
              <div class="suite-section-content">
                <ul>
                  <li>
                    <span class="method-stats">29 methods, 5 failed,   24 passed</span>
                  </li>
                  <li>
                    <span class="method-list-title failed">Failed methods</span>
                    <span class="show-or-hide-methods failed">
                      <a href="#" panel-name="suite-Mobile_BuyDirect_Automation_Test_Suite" class="hide-methods failed suite-Mobile_BuyDirect_Automation_Test_Suite"> (hide)</a> <!-- hide-methods failed suite-Mobile_BuyDirect_Automation_Test_Suite -->
                      <a href="#" panel-name="suite-Mobile_BuyDirect_Automation_Test_Suite" class="show-methods failed suite-Mobile_BuyDirect_Automation_Test_Suite"> (show)</a> <!-- show-methods failed suite-Mobile_BuyDirect_Automation_Test_Suite -->
                    </span>
                    <div class="method-list-content failed suite-Mobile_BuyDirect_Automation_Test_Suite">
                      <span>
                        <img src="failed.png" width="3%"/>
                        <a href="#" panel-name="suite-Mobile_BuyDirect_Automation_Test_Suite" title="org.BIMNetworks.BuyDirect_Test.EnrollPageTest" class="method navigator-link" hash-for-method="test_FooterText">test_FooterText</a> <!-- method navigator-link -->
                      </span>
                      <br/>
                      <span>
                        <img src="failed.png" width="3%"/>
                        <a href="#" panel-name="suite-Mobile_BuyDirect_Automation_Test_Suite" title="org.BIMNetworks.BuyDirect_Test.WelcomePageTest" class="method navigator-link" hash-for-method="test_FooterText">test_FooterText</a> <!-- method navigator-link -->
                      </span>
                      <br/>
                      <span>
                        <img src="failed.png" width="3%"/>
                        <a href="#" panel-name="suite-Mobile_BuyDirect_Automation_Test_Suite" title="org.BIMNetworks.BuyDirect_Test.WelcomePageTest" class="method navigator-link" hash-for-method="test_FooterTextisDisplayed">test_FooterTextisDisplayed</a> <!-- method navigator-link -->
                      </span>
                      <br/>
                      <span>
                        <img src="failed.png" width="3%"/>
                        <a href="#" panel-name="suite-Mobile_BuyDirect_Automation_Test_Suite" title="org.BIMNetworks.BuyDirect_Test.EnrollPageTest" class="method navigator-link" hash-for-method="test_FooterTextisDisplayed">test_FooterTextisDisplayed</a> <!-- method navigator-link -->
                      </span>
                      <br/>
                      <span>
                        <img src="failed.png" width="3%"/>
                        <a href="#" panel-name="suite-Mobile_BuyDirect_Automation_Test_Suite" title="org.BIMNetworks.BuyDirect_Test.EnrollPageTest" class="method navigator-link" hash-for-method="test_ValidateTermsAndConditions">test_ValidateTermsAndConditions</a> <!-- method navigator-link -->
                      </span>
                      <br/>
                    </div> <!-- method-list-content failed suite-Mobile_BuyDirect_Automation_Test_Suite -->
                  </li>
                  <li>
                    <span class="method-list-title passed">Passed methods</span>
                    <span class="show-or-hide-methods passed">
                      <a href="#" panel-name="suite-Mobile_BuyDirect_Automation_Test_Suite" class="hide-methods passed suite-Mobile_BuyDirect_Automation_Test_Suite"> (hide)</a> <!-- hide-methods passed suite-Mobile_BuyDirect_Automation_Test_Suite -->
                      <a href="#" panel-name="suite-Mobile_BuyDirect_Automation_Test_Suite" class="show-methods passed suite-Mobile_BuyDirect_Automation_Test_Suite"> (show)</a> <!-- show-methods passed suite-Mobile_BuyDirect_Automation_Test_Suite -->
                    </span>
                    <div class="method-list-content passed suite-Mobile_BuyDirect_Automation_Test_Suite">
                      <span>
                        <img src="passed.png" width="3%"/>
                        <a href="#" panel-name="suite-Mobile_BuyDirect_Automation_Test_Suite" title="org.BIMNetworks.BuyDirect_Test.EnrollPageTest" class="method navigator-link" hash-for-method="BrokenImageTest">BrokenImageTest</a> <!-- method navigator-link -->
                      </span>
                      <br/>
                      <span>
                        <img src="passed.png" width="3%"/>
                        <a href="#" panel-name="suite-Mobile_BuyDirect_Automation_Test_Suite" title="org.BIMNetworks.BuyDirect_Test.WelcomePageTest" class="method navigator-link" hash-for-method="BrokenImageTest">BrokenImageTest</a> <!-- method navigator-link -->
                      </span>
                      <br/>
                      <span>
                        <img src="passed.png" width="3%"/>
                        <a href="#" panel-name="suite-Mobile_BuyDirect_Automation_Test_Suite" title="org.BIMNetworks.BuyDirect_Test.EnrollPageTest" class="method navigator-link" hash-for-method="clickOnWelcomePageContinueButton">clickOnWelcomePageContinueButton</a> <!-- method navigator-link -->
                      </span>
                      <br/>
                      <span>
                        <img src="passed.png" width="3%"/>
                        <a href="#" panel-name="suite-Mobile_BuyDirect_Automation_Test_Suite" title="org.BIMNetworks.BuyDirect_Test.WelcomePageTest" class="method navigator-link" hash-for-method="test_ContinueButton">test_ContinueButton</a> <!-- method navigator-link -->
                      </span>
                      <br/>
                      <span>
                        <img src="passed.png" width="3%"/>
                        <a href="#" panel-name="suite-Mobile_BuyDirect_Automation_Test_Suite" title="org.BIMNetworks.BuyDirect_Test.WelcomePageTest" class="method navigator-link" hash-for-method="test_ContinueButtonText">test_ContinueButtonText</a> <!-- method navigator-link -->
                      </span>
                      <br/>
                      <span>
                        <img src="passed.png" width="3%"/>
                        <a href="#" panel-name="suite-Mobile_BuyDirect_Automation_Test_Suite" title="org.BIMNetworks.BuyDirect_Test.WelcomePageTest" class="method navigator-link" hash-for-method="test_CurrentURL">test_CurrentURL</a> <!-- method navigator-link -->
                      </span>
                      <br/>
                      <span>
                        <img src="passed.png" width="3%"/>
                        <a href="#" panel-name="suite-Mobile_BuyDirect_Automation_Test_Suite" title="org.BIMNetworks.BuyDirect_Test.EnrollPageTest" class="method navigator-link" hash-for-method="test_EnrollPageRequiredFieldErrorMessage">test_EnrollPageRequiredFieldErrorMessage</a> <!-- method navigator-link -->
                      </span>
                      <br/>
                      <span>
                        <img src="passed.png" width="3%"/>
                        <a href="#" panel-name="suite-Mobile_BuyDirect_Automation_Test_Suite" title="org.BIMNetworks.BuyDirect_Test.WelcomePageTest" class="method navigator-link" hash-for-method="test_PartnerLogo">test_PartnerLogo</a> <!-- method navigator-link -->
                      </span>
                      <br/>
                      <span>
                        <img src="passed.png" width="3%"/>
                        <a href="#" panel-name="suite-Mobile_BuyDirect_Automation_Test_Suite" title="org.BIMNetworks.BuyDirect_Test.EnrollPageTest" class="method navigator-link" hash-for-method="test_PartnerLogo">test_PartnerLogo</a> <!-- method navigator-link -->
                      </span>
                      <br/>
                      <span>
                        <img src="passed.png" width="3%"/>
                        <a href="#" panel-name="suite-Mobile_BuyDirect_Automation_Test_Suite" title="org.BIMNetworks.BuyDirect_Test.WelcomePageTest" class="method navigator-link" hash-for-method="test_PartnerLogoisDisplayed">test_PartnerLogoisDisplayed</a> <!-- method navigator-link -->
                      </span>
                      <br/>
                      <span>
                        <img src="passed.png" width="3%"/>
                        <a href="#" panel-name="suite-Mobile_BuyDirect_Automation_Test_Suite" title="org.BIMNetworks.BuyDirect_Test.EnrollPageTest" class="method navigator-link" hash-for-method="test_PartnerLogoisDisplayed">test_PartnerLogoisDisplayed</a> <!-- method navigator-link -->
                      </span>
                      <br/>
                      <span>
                        <img src="passed.png" width="3%"/>
                        <a href="#" panel-name="suite-Mobile_BuyDirect_Automation_Test_Suite" title="org.BIMNetworks.BuyDirect_Test.EnrollPageTest" class="method navigator-link" hash-for-method="test_PartnerTenderNameHeader">test_PartnerTenderNameHeader</a> <!-- method navigator-link -->
                      </span>
                      <br/>
                      <span>
                        <img src="passed.png" width="3%"/>
                        <a href="#" panel-name="suite-Mobile_BuyDirect_Automation_Test_Suite" title="org.BIMNetworks.BuyDirect_Test.WelcomePageTest" class="method navigator-link" hash-for-method="test_PartnerTenderNameHeader">test_PartnerTenderNameHeader</a> <!-- method navigator-link -->
                      </span>
                      <br/>
                      <span>
                        <img src="passed.png" width="3%"/>
                        <a href="#" panel-name="suite-Mobile_BuyDirect_Automation_Test_Suite" title="org.BIMNetworks.BuyDirect_Test.WelcomePageTest" class="method navigator-link" hash-for-method="test_PartnerTenderNameisDisplayed">test_PartnerTenderNameisDisplayed</a> <!-- method navigator-link -->
                      </span>
                      <br/>
                      <span>
                        <img src="passed.png" width="3%"/>
                        <a href="#" panel-name="suite-Mobile_BuyDirect_Automation_Test_Suite" title="org.BIMNetworks.BuyDirect_Test.EnrollPageTest" class="method navigator-link" hash-for-method="test_PartnerTenderNameisDisplayed">test_PartnerTenderNameisDisplayed</a> <!-- method navigator-link -->
                      </span>
                      <br/>
                      <span>
                        <img src="passed.png" width="3%"/>
                        <a href="#" panel-name="suite-Mobile_BuyDirect_Automation_Test_Suite" title="org.BIMNetworks.BuyDirect_Test.EnrollPageTest" class="method navigator-link" hash-for-method="test_ProgressIndicators">test_ProgressIndicators</a> <!-- method navigator-link -->
                      </span>
                      <br/>
                      <span>
                        <img src="passed.png" width="3%"/>
                        <a href="#" panel-name="suite-Mobile_BuyDirect_Automation_Test_Suite" title="org.BIMNetworks.BuyDirect_Test.WelcomePageTest" class="method navigator-link" hash-for-method="test_SignInHereLinkTextisDisplayed">test_SignInHereLinkTextisDisplayed</a> <!-- method navigator-link -->
                      </span>
                      <br/>
                      <span>
                        <img src="passed.png" width="3%"/>
                        <a href="#" panel-name="suite-Mobile_BuyDirect_Automation_Test_Suite" title="org.BIMNetworks.BuyDirect_Test.WelcomePageTest" class="method navigator-link" hash-for-method="test_TextBeforeSignInHereLink">test_TextBeforeSignInHereLink</a> <!-- method navigator-link -->
                      </span>
                      <br/>
                      <span>
                        <img src="passed.png" width="3%"/>
                        <a href="#" panel-name="suite-Mobile_BuyDirect_Automation_Test_Suite" title="org.BIMNetworks.BuyDirect_Test.WelcomePageTest" class="method navigator-link" hash-for-method="test_TitleisDisplayedCenter">test_TitleisDisplayedCenter</a> <!-- method navigator-link -->
                      </span>
                      <br/>
                      <span>
                        <img src="passed.png" width="3%"/>
                        <a href="#" panel-name="suite-Mobile_BuyDirect_Automation_Test_Suite" title="org.BIMNetworks.BuyDirect_Test.EnrollPageTest" class="method navigator-link" hash-for-method="test_ValidEnrollmentInputFields">test_ValidEnrollmentInputFields</a> <!-- method navigator-link -->
                      </span>
                      <br/>
                      <span>
                        <img src="passed.png" width="3%"/>
                        <a href="#" panel-name="suite-Mobile_BuyDirect_Automation_Test_Suite" title="org.BIMNetworks.BuyDirect_Test.WelcomePageTest" class="method navigator-link" hash-for-method="test_WelcomePageTitle">test_WelcomePageTitle</a> <!-- method navigator-link -->
                      </span>
                      <br/>
                      <span>
                        <img src="passed.png" width="3%"/>
                        <a href="#" panel-name="suite-Mobile_BuyDirect_Automation_Test_Suite" title="org.BIMNetworks.BuyDirect_Test.EnrollPageTest" class="method navigator-link" hash-for-method="test_isDLRequired">test_isDLRequired</a> <!-- method navigator-link -->
                      </span>
                      <br/>
                      <span>
                        <img src="passed.png" width="3%"/>
                        <a href="#" panel-name="suite-Mobile_BuyDirect_Automation_Test_Suite" title="org.BIMNetworks.BuyDirect_Test.WelcomePageTest" class="method navigator-link" hash-for-method="test_welcomeMessage1">test_welcomeMessage1</a> <!-- method navigator-link -->
                      </span>
                      <br/>
                      <span>
                        <img src="passed.png" width="3%"/>
                        <a href="#" panel-name="suite-Mobile_BuyDirect_Automation_Test_Suite" title="org.BIMNetworks.BuyDirect_Test.WelcomePageTest" class="method navigator-link" hash-for-method="test_welcomeMessage2">test_welcomeMessage2</a> <!-- method navigator-link -->
                      </span>
                      <br/>
                    </div> <!-- method-list-content passed suite-Mobile_BuyDirect_Automation_Test_Suite -->
                  </li>
                </ul>
              </div> <!-- suite-section-content -->
            </div> <!-- result-section -->
          </div> <!-- navigator-suite-content -->
        </div> <!-- rounded-window -->
      </div> <!-- suite -->
    </div> <!-- navigator-root -->
    <div class="wrapper">
      <div class="main-panel-root">
        <div panel-name="suite-Mobile_BuyDirect_Automation_Test_Suite" class="panel Mobile_BuyDirect_Automation_Test_Suite">
          <div class="suite-Mobile_BuyDirect_Automation_Test_Suite-class-failed">
            <div class="main-panel-header rounded-window-top">
              <img src="failed.png"/>
              <span class="class-name">org.BIMNetworks.BuyDirect_Test.EnrollPageTest</span>
            </div> <!-- main-panel-header rounded-window-top -->
            <div class="main-panel-content rounded-window-bottom">
              <div class="method">
                <div class="method-content">
                  <a name="test_FooterText">
                  </a> <!-- test_FooterText -->
                  <span class="method-name">test_FooterText</span>
                  <div class="stack-trace">org.openqa.selenium.TimeoutException: Expected condition failed: waiting for visibility of Located by By.xpath: //div[@id=&apos;openingWelcome&apos;]/div[2]/div[3]/div/p (tried for 30 second(s) with 500 milliseconds interval)
	at org.openqa.selenium.support.ui.WebDriverWait.timeoutException(WebDriverWait.java:84)
	at org.openqa.selenium.support.ui.FluentWait.until(FluentWait.java:228)
	at org.BuyDirect_Android_utils.Generics.footerText(Generics.java:57)
	at org.BIMNetworks.BuyDirect_Test.EnrollPageTest.test_FooterText(EnrollPageTest.java:108)
	at java.base/java.util.ArrayList.forEach(ArrayList.java:1597)
Caused by: org.openqa.selenium.NoSuchElementException: Can&apos;t locate an element by this strategy: By.xpath: //div[@id=&apos;openingWelcome&apos;]/div[2]/div[3]/div/p
	at io.appium.java_client.pagefactory.AppiumElementLocator.findElement(AppiumElementLocator.java:166)
	at io.appium.java_client.pagefactory.interceptors.InterceptorOfASingleElement.call(InterceptorOfASingleElement.java:75)
	at io.appium.java_client.proxy.Interceptor.intercept(Interceptor.java:78)
	at org.openqa.selenium.remote.RemoteWebElement$ByteBuddy$Eo3iXy6f.isDisplayed(Unknown Source)
	at org.openqa.selenium.support.ui.ExpectedConditions.elementIfVisible(ExpectedConditions.java:304)
	at org.openqa.selenium.support.ui.ExpectedConditions$10.apply(ExpectedConditions.java:290)
	at org.openqa.selenium.support.ui.ExpectedConditions$10.apply(ExpectedConditions.java:287)
	at org.openqa.selenium.support.ui.FluentWait.until(FluentWait.java:203)
	... 28 more
Caused by: org.openqa.selenium.TimeoutException: Expected condition failed: waiting for io.appium.java_client.pagefactory.AppiumElementLocator$WaitingFunction@65e620b0 (tried for 1 second(s) with 500 milliseconds interval)
	at org.openqa.selenium.support.ui.FluentWait.timeoutException(FluentWait.java:265)
	at org.openqa.selenium.support.ui.FluentWait.until(FluentWait.java:228)
	at io.appium.java_client.pagefactory.AppiumElementLocator.waitFor(AppiumElementLocator.java:135)
	at io.appium.java_client.pagefactory.AppiumElementLocator.findElement(AppiumElementLocator.java:160)
	... 35 more
Caused by: org.openqa.selenium.NoSuchElementException: no such element: Unable to locate element: {&quot;method&quot;:&quot;xpath&quot;,&quot;selector&quot;:&quot;//div[@id=&apos;openingWelcome&apos;]/div[2]/div[3]/div/p&quot;}
  (Session info: chrome=113.0.5672.136)
For documentation on this error, please visit: https://www.selenium.dev/documentation/webdriver/troubleshooting/errors#no-such-element-exception
Build info: version: &apos;4.21.0&apos;, revision: &apos;79ed462ef4&apos;
System info: os.name: &apos;Windows 10&apos;, os.arch: &apos;amd64&apos;, os.version: &apos;10.0&apos;, java.version: &apos;22&apos;
Driver info: io.appium.java_client.android.AndroidDriver
Command: [33aec463-faa4-4058-8ea7-57d4db5e1822, findElement {value=//div[@id=&apos;openingWelcome&apos;]/div[2]/div[3]/div/p, using=xpath}]
Capabilities {appium:automationName: UiAutomator2, appium:chromedriver_autodownload: true, appium:databaseEnabled: false, appium:desired: {appActivity: com.android.chrome/com.goog..., appPackage: com.android.chrome, automationName: UiAutomator2, browserName: Chrome, chromedriver_autodownload: true, deviceName: emulator-5554, noReset: true, platformName: ANDROID, platformVersion: 14}, appium:deviceApiLevel: 34, appium:deviceManufacturer: Google, appium:deviceModel: sdk_gphone64_x86_64, appium:deviceName: emulator-5554, appium:deviceScreenDensity: 440, appium:deviceScreenSize: 1080x2220, appium:deviceUDID: emulator-5554, appium:javascriptEnabled: true, appium:locationContextEnabled: false, appium:networkConnectionEnabled: true, appium:noReset: true, appium:pixelRatio: 2.75, appium:platformVersion: 14, appium:statBarHeight: 66, appium:takesScreenshot: true, appium:viewportRect: {height: 2154, left: 0, top: 66, width: 1080}, appium:warnings: {}, appium:webStorageEnabled: false, browserName: Chrome, platformName: ANDROID}
Session ID: 33aec463-faa4-4058-8ea7-57d4db5e1822
	at org.openqa.selenium.remote.ErrorCodec.decode(ErrorCodec.java:167)
	at org.openqa.selenium.remote.codec.w3c.W3CHttpResponseCodec.decode(W3CHttpResponseCodec.java:138)
	at org.openqa.selenium.remote.codec.w3c.W3CHttpResponseCodec.decode(W3CHttpResponseCodec.java:50)
	at org.openqa.selenium.remote.HttpCommandExecutor.execute(HttpCommandExecutor.java:190)
	at io.appium.java_client.remote.AppiumCommandExecutor.execute(AppiumCommandExecutor.java:237)
	at org.openqa.selenium.remote.RemoteWebDriver.execute(RemoteWebDriver.java:518)
	at org.openqa.selenium.remote.ElementLocation$ElementFinder$2.findElement(ElementLocation.java:165)
	at org.openqa.selenium.remote.ElementLocation.findElement(ElementLocation.java:59)
	at org.openqa.selenium.remote.RemoteWebDriver.findElement(RemoteWebDriver.java:355)
	at org.openqa.selenium.remote.RemoteWebDriver.findElement(RemoteWebDriver.java:349)
	at io.appium.java_client.pagefactory.bys.ContentMappedBy.findElement(ContentMappedBy.java:53)
	at org.openqa.selenium.remote.ElementLocation$ElementFinder$1.findElement(ElementLocation.java:139)
	at org.openqa.selenium.remote.ElementLocation.findElement(ElementLocation.java:59)
	at org.openqa.selenium.remote.RemoteWebDriver.findElement(RemoteWebDriver.java:355)
	at org.openqa.selenium.remote.RemoteWebDriver.findElement(RemoteWebDriver.java:349)
	at io.appium.java_client.pagefactory.AppiumElementLocator.lambda$findElement$1(AppiumElementLocator.java:160)
	at io.appium.java_client.pagefactory.AppiumElementLocator$WaitingFunction.apply(AppiumElementLocator.java:217)
	at io.appium.java_client.pagefactory.AppiumElementLocator$WaitingFunction.apply(AppiumElementLocator.java:210)
	at org.openqa.selenium.support.ui.FluentWait.until(FluentWait.java:203)
	... 37 more
... Removed 28 stack frames
</div> <!-- stack-trace -->
                </div> <!-- method-content -->
              </div> <!-- method -->
              <div class="method">
                <div class="method-content">
                  <a name="test_FooterTextisDisplayed">
                  </a> <!-- test_FooterTextisDisplayed -->
                  <span class="method-name">test_FooterTextisDisplayed</span>
                  <div class="stack-trace">org.openqa.selenium.TimeoutException: Expected condition failed: waiting for visibility of Located by By.xpath: //div[@id=&apos;openingWelcome&apos;]/div[2]/div[3]/div/p (tried for 30 second(s) with 500 milliseconds interval)
	at org.openqa.selenium.support.ui.WebDriverWait.timeoutException(WebDriverWait.java:84)
	at org.openqa.selenium.support.ui.FluentWait.until(FluentWait.java:228)
	at org.BuyDirect_Android_utils.Generics.footerTextisDisplayed(Generics.java:62)
	at org.BIMNetworks.BuyDirect_Test.EnrollPageTest.test_FooterTextisDisplayed(EnrollPageTest.java:93)
	at java.base/java.util.ArrayList.forEach(ArrayList.java:1597)
Caused by: org.openqa.selenium.NoSuchElementException: Can&apos;t locate an element by this strategy: By.xpath: //div[@id=&apos;openingWelcome&apos;]/div[2]/div[3]/div/p
	at io.appium.java_client.pagefactory.AppiumElementLocator.findElement(AppiumElementLocator.java:166)
	at io.appium.java_client.pagefactory.interceptors.InterceptorOfASingleElement.call(InterceptorOfASingleElement.java:75)
	at io.appium.java_client.proxy.Interceptor.intercept(Interceptor.java:78)
	at org.openqa.selenium.remote.RemoteWebElement$ByteBuddy$Eo3iXy6f.isDisplayed(Unknown Source)
	at org.openqa.selenium.support.ui.ExpectedConditions.elementIfVisible(ExpectedConditions.java:304)
	at org.openqa.selenium.support.ui.ExpectedConditions$10.apply(ExpectedConditions.java:290)
	at org.openqa.selenium.support.ui.ExpectedConditions$10.apply(ExpectedConditions.java:287)
	at org.openqa.selenium.support.ui.FluentWait.until(FluentWait.java:203)
	... 28 more
Caused by: org.openqa.selenium.TimeoutException: Expected condition failed: waiting for io.appium.java_client.pagefactory.AppiumElementLocator$WaitingFunction@25cde5bb (tried for 1 second(s) with 500 milliseconds interval)
	at org.openqa.selenium.support.ui.FluentWait.timeoutException(FluentWait.java:265)
	at org.openqa.selenium.support.ui.FluentWait.until(FluentWait.java:228)
	at io.appium.java_client.pagefactory.AppiumElementLocator.waitFor(AppiumElementLocator.java:135)
	at io.appium.java_client.pagefactory.AppiumElementLocator.findElement(AppiumElementLocator.java:160)
	... 35 more
Caused by: org.openqa.selenium.NoSuchElementException: no such element: Unable to locate element: {&quot;method&quot;:&quot;xpath&quot;,&quot;selector&quot;:&quot;//div[@id=&apos;openingWelcome&apos;]/div[2]/div[3]/div/p&quot;}
  (Session info: chrome=113.0.5672.136)
For documentation on this error, please visit: https://www.selenium.dev/documentation/webdriver/troubleshooting/errors#no-such-element-exception
Build info: version: &apos;4.21.0&apos;, revision: &apos;79ed462ef4&apos;
System info: os.name: &apos;Windows 10&apos;, os.arch: &apos;amd64&apos;, os.version: &apos;10.0&apos;, java.version: &apos;22&apos;
Driver info: io.appium.java_client.android.AndroidDriver
Command: [33aec463-faa4-4058-8ea7-57d4db5e1822, findElement {value=//div[@id=&apos;openingWelcome&apos;]/div[2]/div[3]/div/p, using=xpath}]
Capabilities {appium:automationName: UiAutomator2, appium:chromedriver_autodownload: true, appium:databaseEnabled: false, appium:desired: {appActivity: com.android.chrome/com.goog..., appPackage: com.android.chrome, automationName: UiAutomator2, browserName: Chrome, chromedriver_autodownload: true, deviceName: emulator-5554, noReset: true, platformName: ANDROID, platformVersion: 14}, appium:deviceApiLevel: 34, appium:deviceManufacturer: Google, appium:deviceModel: sdk_gphone64_x86_64, appium:deviceName: emulator-5554, appium:deviceScreenDensity: 440, appium:deviceScreenSize: 1080x2220, appium:deviceUDID: emulator-5554, appium:javascriptEnabled: true, appium:locationContextEnabled: false, appium:networkConnectionEnabled: true, appium:noReset: true, appium:pixelRatio: 2.75, appium:platformVersion: 14, appium:statBarHeight: 66, appium:takesScreenshot: true, appium:viewportRect: {height: 2154, left: 0, top: 66, width: 1080}, appium:warnings: {}, appium:webStorageEnabled: false, browserName: Chrome, platformName: ANDROID}
Session ID: 33aec463-faa4-4058-8ea7-57d4db5e1822
	at org.openqa.selenium.remote.ErrorCodec.decode(ErrorCodec.java:167)
	at org.openqa.selenium.remote.codec.w3c.W3CHttpResponseCodec.decode(W3CHttpResponseCodec.java:138)
	at org.openqa.selenium.remote.codec.w3c.W3CHttpResponseCodec.decode(W3CHttpResponseCodec.java:50)
	at org.openqa.selenium.remote.HttpCommandExecutor.execute(HttpCommandExecutor.java:190)
	at io.appium.java_client.remote.AppiumCommandExecutor.execute(AppiumCommandExecutor.java:237)
	at org.openqa.selenium.remote.RemoteWebDriver.execute(RemoteWebDriver.java:518)
	at org.openqa.selenium.remote.ElementLocation$ElementFinder$2.findElement(ElementLocation.java:165)
	at org.openqa.selenium.remote.ElementLocation.findElement(ElementLocation.java:59)
	at org.openqa.selenium.remote.RemoteWebDriver.findElement(RemoteWebDriver.java:355)
	at org.openqa.selenium.remote.RemoteWebDriver.findElement(RemoteWebDriver.java:349)
	at io.appium.java_client.pagefactory.bys.ContentMappedBy.findElement(ContentMappedBy.java:53)
	at org.openqa.selenium.remote.ElementLocation$ElementFinder$1.findElement(ElementLocation.java:139)
	at org.openqa.selenium.remote.ElementLocation.findElement(ElementLocation.java:59)
	at org.openqa.selenium.remote.RemoteWebDriver.findElement(RemoteWebDriver.java:355)
	at org.openqa.selenium.remote.RemoteWebDriver.findElement(RemoteWebDriver.java:349)
	at io.appium.java_client.pagefactory.AppiumElementLocator.lambda$findElement$1(AppiumElementLocator.java:160)
	at io.appium.java_client.pagefactory.AppiumElementLocator$WaitingFunction.apply(AppiumElementLocator.java:217)
	at io.appium.java_client.pagefactory.AppiumElementLocator$WaitingFunction.apply(AppiumElementLocator.java:210)
	at org.openqa.selenium.support.ui.FluentWait.until(FluentWait.java:203)
	... 37 more
... Removed 28 stack frames
</div> <!-- stack-trace -->
                </div> <!-- method-content -->
              </div> <!-- method -->
              <div class="method">
                <div class="method-content">
                  <a name="test_ValidateTermsAndConditions">
                  </a> <!-- test_ValidateTermsAndConditions -->
                  <span class="method-name">test_ValidateTermsAndConditions</span>
                  <div class="stack-trace">org.openqa.selenium.TimeoutException: Expected condition failed: waiting for element to be clickable: Located by By.id: btnEnroll (tried for 30 second(s) with 500 milliseconds interval)
Build info: version: &apos;4.21.0&apos;, revision: &apos;79ed462ef4&apos;
System info: os.name: &apos;Windows 10&apos;, os.arch: &apos;amd64&apos;, os.version: &apos;10.0&apos;, java.version: &apos;22&apos;
Driver info: io.appium.java_client.android.AndroidDriver
Capabilities {appium:automationName: UiAutomator2, appium:chromedriver_autodownload: true, appium:databaseEnabled: false, appium:desired: {appActivity: com.android.chrome/com.goog..., appPackage: com.android.chrome, automationName: UiAutomator2, browserName: Chrome, chromedriver_autodownload: true, deviceName: emulator-5554, noReset: true, platformName: ANDROID, platformVersion: 14}, appium:deviceApiLevel: 34, appium:deviceManufacturer: Google, appium:deviceModel: sdk_gphone64_x86_64, appium:deviceName: emulator-5554, appium:deviceScreenDensity: 440, appium:deviceScreenSize: 1080x2220, appium:deviceUDID: emulator-5554, appium:javascriptEnabled: true, appium:locationContextEnabled: false, appium:networkConnectionEnabled: true, appium:noReset: true, appium:pixelRatio: 2.75, appium:platformVersion: 14, appium:statBarHeight: 66, appium:takesScreenshot: true, appium:viewportRect: {height: 2154, left: 0, top: 66, width: 1080}, appium:warnings: {}, appium:webStorageEnabled: false, browserName: Chrome, platformName: ANDROID}
Session ID: 33aec463-faa4-4058-8ea7-57d4db5e1822
	at org.openqa.selenium.support.ui.WebDriverWait.timeoutException(WebDriverWait.java:84)
	at org.openqa.selenium.support.ui.FluentWait.until(FluentWait.java:228)
	at org.BIMNetworks.BuyDirect_PageObject.EnrollPage.clickContinue(EnrollPage.java:221)
	at org.BIMNetworks.BuyDirect_Test.EnrollPageTest.test_ValidateTermsAndConditions(EnrollPageTest.java:162)
	at java.base/java.util.ArrayList.forEach(ArrayList.java:1597)
... Removed 25 stack frames
</div> <!-- stack-trace -->
                </div> <!-- method-content -->
              </div> <!-- method -->
            </div> <!-- main-panel-content rounded-window-bottom -->
          </div> <!-- suite-Mobile_BuyDirect_Automation_Test_Suite-class-failed -->
          <div class="suite-Mobile_BuyDirect_Automation_Test_Suite-class-failed">
            <div class="main-panel-header rounded-window-top">
              <img src="failed.png"/>
              <span class="class-name">org.BIMNetworks.BuyDirect_Test.WelcomePageTest</span>
            </div> <!-- main-panel-header rounded-window-top -->
            <div class="main-panel-content rounded-window-bottom">
              <div class="method">
                <div class="method-content">
                  <a name="test_FooterText">
                  </a> <!-- test_FooterText -->
                  <span class="method-name">test_FooterText</span>
                  <div class="stack-trace">org.openqa.selenium.TimeoutException: Expected condition failed: waiting for visibility of Located by By.xpath: //div[@id=&apos;openingWelcome&apos;]/div[2]/div[3]/div/p (tried for 30 second(s) with 500 milliseconds interval)
	at org.openqa.selenium.support.ui.WebDriverWait.timeoutException(WebDriverWait.java:84)
	at org.openqa.selenium.support.ui.FluentWait.until(FluentWait.java:228)
	at org.BuyDirect_Android_utils.Generics.footerText(Generics.java:57)
	at org.BIMNetworks.BuyDirect_Test.WelcomePageTest.test_FooterText(WelcomePageTest.java:151)
	at java.base/java.util.ArrayList.forEach(ArrayList.java:1597)
Caused by: org.openqa.selenium.NoSuchElementException: Can&apos;t locate an element by this strategy: By.xpath: //div[@id=&apos;openingWelcome&apos;]/div[2]/div[3]/div/p
	at io.appium.java_client.pagefactory.AppiumElementLocator.findElement(AppiumElementLocator.java:166)
	at io.appium.java_client.pagefactory.interceptors.InterceptorOfASingleElement.call(InterceptorOfASingleElement.java:75)
	at io.appium.java_client.proxy.Interceptor.intercept(Interceptor.java:78)
	at org.openqa.selenium.remote.RemoteWebElement$ByteBuddy$Eo3iXy6f.isDisplayed(Unknown Source)
	at org.openqa.selenium.support.ui.ExpectedConditions.elementIfVisible(ExpectedConditions.java:304)
	at org.openqa.selenium.support.ui.ExpectedConditions$10.apply(ExpectedConditions.java:290)
	at org.openqa.selenium.support.ui.ExpectedConditions$10.apply(ExpectedConditions.java:287)
	at org.openqa.selenium.support.ui.FluentWait.until(FluentWait.java:203)
	... 28 more
Caused by: org.openqa.selenium.TimeoutException: Expected condition failed: waiting for io.appium.java_client.pagefactory.AppiumElementLocator$WaitingFunction@20801cbb (tried for 1 second(s) with 500 milliseconds interval)
	at org.openqa.selenium.support.ui.FluentWait.timeoutException(FluentWait.java:265)
	at org.openqa.selenium.support.ui.FluentWait.until(FluentWait.java:228)
	at io.appium.java_client.pagefactory.AppiumElementLocator.waitFor(AppiumElementLocator.java:135)
	at io.appium.java_client.pagefactory.AppiumElementLocator.findElement(AppiumElementLocator.java:160)
	... 35 more
Caused by: org.openqa.selenium.NoSuchElementException: no such element: Unable to locate element: {&quot;method&quot;:&quot;xpath&quot;,&quot;selector&quot;:&quot;//div[@id=&apos;openingWelcome&apos;]/div[2]/div[3]/div/p&quot;}
  (Session info: chrome=113.0.5672.136)
For documentation on this error, please visit: https://www.selenium.dev/documentation/webdriver/troubleshooting/errors#no-such-element-exception
Build info: version: &apos;4.21.0&apos;, revision: &apos;79ed462ef4&apos;
System info: os.name: &apos;Windows 10&apos;, os.arch: &apos;amd64&apos;, os.version: &apos;10.0&apos;, java.version: &apos;22&apos;
Driver info: io.appium.java_client.android.AndroidDriver
Command: [603e35ce-2e7b-4bf6-84c5-79e0d597ec80, findElement {value=//div[@id=&apos;openingWelcome&apos;]/div[2]/div[3]/div/p, using=xpath}]
Capabilities {appium:automationName: UiAutomator2, appium:chromedriver_autodownload: true, appium:databaseEnabled: false, appium:desired: {appActivity: com.android.chrome/com.goog..., appPackage: com.android.chrome, automationName: UiAutomator2, browserName: Chrome, chromedriver_autodownload: true, deviceName: emulator-5554, noReset: true, platformName: ANDROID, platformVersion: 14}, appium:deviceApiLevel: 34, appium:deviceManufacturer: Google, appium:deviceModel: sdk_gphone64_x86_64, appium:deviceName: emulator-5554, appium:deviceScreenDensity: 440, appium:deviceScreenSize: 1080x2220, appium:deviceUDID: emulator-5554, appium:javascriptEnabled: true, appium:locationContextEnabled: false, appium:networkConnectionEnabled: true, appium:noReset: true, appium:pixelRatio: 2.75, appium:platformVersion: 14, appium:statBarHeight: 66, appium:takesScreenshot: true, appium:viewportRect: {height: 2154, left: 0, top: 66, width: 1080}, appium:warnings: {}, appium:webStorageEnabled: false, browserName: Chrome, platformName: ANDROID}
Session ID: 603e35ce-2e7b-4bf6-84c5-79e0d597ec80
	at org.openqa.selenium.remote.ErrorCodec.decode(ErrorCodec.java:167)
	at org.openqa.selenium.remote.codec.w3c.W3CHttpResponseCodec.decode(W3CHttpResponseCodec.java:138)
	at org.openqa.selenium.remote.codec.w3c.W3CHttpResponseCodec.decode(W3CHttpResponseCodec.java:50)
	at org.openqa.selenium.remote.HttpCommandExecutor.execute(HttpCommandExecutor.java:190)
	at io.appium.java_client.remote.AppiumCommandExecutor.execute(AppiumCommandExecutor.java:237)
	at org.openqa.selenium.remote.RemoteWebDriver.execute(RemoteWebDriver.java:518)
	at org.openqa.selenium.remote.ElementLocation$ElementFinder$2.findElement(ElementLocation.java:165)
	at org.openqa.selenium.remote.ElementLocation.findElement(ElementLocation.java:59)
	at org.openqa.selenium.remote.RemoteWebDriver.findElement(RemoteWebDriver.java:355)
	at org.openqa.selenium.remote.RemoteWebDriver.findElement(RemoteWebDriver.java:349)
	at io.appium.java_client.pagefactory.bys.ContentMappedBy.findElement(ContentMappedBy.java:53)
	at org.openqa.selenium.remote.ElementLocation$ElementFinder$1.findElement(ElementLocation.java:139)
	at org.openqa.selenium.remote.ElementLocation.findElement(ElementLocation.java:81)
	at org.openqa.selenium.remote.RemoteWebDriver.findElement(RemoteWebDriver.java:355)
	at org.openqa.selenium.remote.RemoteWebDriver.findElement(RemoteWebDriver.java:349)
	at io.appium.java_client.pagefactory.AppiumElementLocator.lambda$findElement$1(AppiumElementLocator.java:160)
	at io.appium.java_client.pagefactory.AppiumElementLocator$WaitingFunction.apply(AppiumElementLocator.java:217)
	at io.appium.java_client.pagefactory.AppiumElementLocator$WaitingFunction.apply(AppiumElementLocator.java:210)
	at org.openqa.selenium.support.ui.FluentWait.until(FluentWait.java:203)
	... 37 more
... Removed 28 stack frames
</div> <!-- stack-trace -->
                </div> <!-- method-content -->
              </div> <!-- method -->
              <div class="method">
                <div class="method-content">
                  <a name="test_FooterTextisDisplayed">
                  </a> <!-- test_FooterTextisDisplayed -->
                  <span class="method-name">test_FooterTextisDisplayed</span>
                  <div class="stack-trace">org.openqa.selenium.TimeoutException: Expected condition failed: waiting for visibility of Located by By.xpath: //div[@id=&apos;openingWelcome&apos;]/div[2]/div[3]/div/p (tried for 30 second(s) with 500 milliseconds interval)
	at org.openqa.selenium.support.ui.WebDriverWait.timeoutException(WebDriverWait.java:84)
	at org.openqa.selenium.support.ui.FluentWait.until(FluentWait.java:228)
	at org.BuyDirect_Android_utils.Generics.footerTextisDisplayed(Generics.java:62)
	at org.BIMNetworks.BuyDirect_Test.WelcomePageTest.test_FooterTextisDisplayed(WelcomePageTest.java:136)
	at java.base/java.util.ArrayList.forEach(ArrayList.java:1597)
Caused by: org.openqa.selenium.NoSuchElementException: Can&apos;t locate an element by this strategy: By.xpath: //div[@id=&apos;openingWelcome&apos;]/div[2]/div[3]/div/p
	at io.appium.java_client.pagefactory.AppiumElementLocator.findElement(AppiumElementLocator.java:166)
	at io.appium.java_client.pagefactory.interceptors.InterceptorOfASingleElement.call(InterceptorOfASingleElement.java:75)
	at io.appium.java_client.proxy.Interceptor.intercept(Interceptor.java:78)
	at org.openqa.selenium.remote.RemoteWebElement$ByteBuddy$Eo3iXy6f.isDisplayed(Unknown Source)
	at org.openqa.selenium.support.ui.ExpectedConditions.elementIfVisible(ExpectedConditions.java:304)
	at org.openqa.selenium.support.ui.ExpectedConditions$10.apply(ExpectedConditions.java:290)
	at org.openqa.selenium.support.ui.ExpectedConditions$10.apply(ExpectedConditions.java:287)
	at org.openqa.selenium.support.ui.FluentWait.until(FluentWait.java:203)
	... 28 more
Caused by: org.openqa.selenium.TimeoutException: Expected condition failed: waiting for io.appium.java_client.pagefactory.AppiumElementLocator$WaitingFunction@2dafae61 (tried for 1 second(s) with 500 milliseconds interval)
	at org.openqa.selenium.support.ui.FluentWait.timeoutException(FluentWait.java:265)
	at org.openqa.selenium.support.ui.FluentWait.until(FluentWait.java:228)
	at io.appium.java_client.pagefactory.AppiumElementLocator.waitFor(AppiumElementLocator.java:135)
	at io.appium.java_client.pagefactory.AppiumElementLocator.findElement(AppiumElementLocator.java:160)
	... 35 more
Caused by: org.openqa.selenium.NoSuchElementException: no such element: Unable to locate element: {&quot;method&quot;:&quot;xpath&quot;,&quot;selector&quot;:&quot;//div[@id=&apos;openingWelcome&apos;]/div[2]/div[3]/div/p&quot;}
  (Session info: chrome=113.0.5672.136)
For documentation on this error, please visit: https://www.selenium.dev/documentation/webdriver/troubleshooting/errors#no-such-element-exception
Build info: version: &apos;4.21.0&apos;, revision: &apos;79ed462ef4&apos;
System info: os.name: &apos;Windows 10&apos;, os.arch: &apos;amd64&apos;, os.version: &apos;10.0&apos;, java.version: &apos;22&apos;
Driver info: io.appium.java_client.android.AndroidDriver
Command: [603e35ce-2e7b-4bf6-84c5-79e0d597ec80, findElement {value=//div[@id=&apos;openingWelcome&apos;]/div[2]/div[3]/div/p, using=xpath}]
Capabilities {appium:automationName: UiAutomator2, appium:chromedriver_autodownload: true, appium:databaseEnabled: false, appium:desired: {appActivity: com.android.chrome/com.goog..., appPackage: com.android.chrome, automationName: UiAutomator2, browserName: Chrome, chromedriver_autodownload: true, deviceName: emulator-5554, noReset: true, platformName: ANDROID, platformVersion: 14}, appium:deviceApiLevel: 34, appium:deviceManufacturer: Google, appium:deviceModel: sdk_gphone64_x86_64, appium:deviceName: emulator-5554, appium:deviceScreenDensity: 440, appium:deviceScreenSize: 1080x2220, appium:deviceUDID: emulator-5554, appium:javascriptEnabled: true, appium:locationContextEnabled: false, appium:networkConnectionEnabled: true, appium:noReset: true, appium:pixelRatio: 2.75, appium:platformVersion: 14, appium:statBarHeight: 66, appium:takesScreenshot: true, appium:viewportRect: {height: 2154, left: 0, top: 66, width: 1080}, appium:warnings: {}, appium:webStorageEnabled: false, browserName: Chrome, platformName: ANDROID}
Session ID: 603e35ce-2e7b-4bf6-84c5-79e0d597ec80
	at org.openqa.selenium.remote.ErrorCodec.decode(ErrorCodec.java:167)
	at org.openqa.selenium.remote.codec.w3c.W3CHttpResponseCodec.decode(W3CHttpResponseCodec.java:138)
	at org.openqa.selenium.remote.codec.w3c.W3CHttpResponseCodec.decode(W3CHttpResponseCodec.java:50)
	at org.openqa.selenium.remote.HttpCommandExecutor.execute(HttpCommandExecutor.java:190)
	at io.appium.java_client.remote.AppiumCommandExecutor.execute(AppiumCommandExecutor.java:237)
	at org.openqa.selenium.remote.RemoteWebDriver.execute(RemoteWebDriver.java:518)
	at org.openqa.selenium.remote.ElementLocation$ElementFinder$2.findElement(ElementLocation.java:165)
	at org.openqa.selenium.remote.ElementLocation.findElement(ElementLocation.java:59)
	at org.openqa.selenium.remote.RemoteWebDriver.findElement(RemoteWebDriver.java:355)
	at org.openqa.selenium.remote.RemoteWebDriver.findElement(RemoteWebDriver.java:349)
	at io.appium.java_client.pagefactory.bys.ContentMappedBy.findElement(ContentMappedBy.java:53)
	at org.openqa.selenium.remote.ElementLocation$ElementFinder$1.findElement(ElementLocation.java:139)
	at org.openqa.selenium.remote.ElementLocation.findElement(ElementLocation.java:59)
	at org.openqa.selenium.remote.RemoteWebDriver.findElement(RemoteWebDriver.java:355)
	at org.openqa.selenium.remote.RemoteWebDriver.findElement(RemoteWebDriver.java:349)
	at io.appium.java_client.pagefactory.AppiumElementLocator.lambda$findElement$1(AppiumElementLocator.java:160)
	at io.appium.java_client.pagefactory.AppiumElementLocator$WaitingFunction.apply(AppiumElementLocator.java:217)
	at io.appium.java_client.pagefactory.AppiumElementLocator$WaitingFunction.apply(AppiumElementLocator.java:210)
	at org.openqa.selenium.support.ui.FluentWait.until(FluentWait.java:203)
	... 37 more
... Removed 28 stack frames
</div> <!-- stack-trace -->
                </div> <!-- method-content -->
              </div> <!-- method -->
            </div> <!-- main-panel-content rounded-window-bottom -->
          </div> <!-- suite-Mobile_BuyDirect_Automation_Test_Suite-class-failed -->
          <div class="suite-Mobile_BuyDirect_Automation_Test_Suite-class-passed">
            <div class="main-panel-header rounded-window-top">
              <img src="passed.png"/>
              <span class="class-name">org.BIMNetworks.BuyDirect_Test.EnrollPageTest</span>
            </div> <!-- main-panel-header rounded-window-top -->
            <div class="main-panel-content rounded-window-bottom">
              <div class="method">
                <div class="method-content">
                  <a name="BrokenImageTest">
                  </a> <!-- BrokenImageTest -->
                  <span class="method-name">BrokenImageTest</span>
                </div> <!-- method-content -->
              </div> <!-- method -->
              <div class="method">
                <div class="method-content">
                  <a name="clickOnWelcomePageContinueButton">
                  </a> <!-- clickOnWelcomePageContinueButton -->
                  <span class="method-name">clickOnWelcomePageContinueButton</span>
                </div> <!-- method-content -->
              </div> <!-- method -->
              <div class="method">
                <div class="method-content">
                  <a name="test_EnrollPageRequiredFieldErrorMessage">
                  </a> <!-- test_EnrollPageRequiredFieldErrorMessage -->
                  <span class="method-name">test_EnrollPageRequiredFieldErrorMessage</span>
                </div> <!-- method-content -->
              </div> <!-- method -->
              <div class="method">
                <div class="method-content">
                  <a name="test_PartnerLogo">
                  </a> <!-- test_PartnerLogo -->
                  <span class="method-name">test_PartnerLogo</span>
                </div> <!-- method-content -->
              </div> <!-- method -->
              <div class="method">
                <div class="method-content">
                  <a name="test_PartnerLogoisDisplayed">
                  </a> <!-- test_PartnerLogoisDisplayed -->
                  <span class="method-name">test_PartnerLogoisDisplayed</span>
                </div> <!-- method-content -->
              </div> <!-- method -->
              <div class="method">
                <div class="method-content">
                  <a name="test_PartnerTenderNameHeader">
                  </a> <!-- test_PartnerTenderNameHeader -->
                  <span class="method-name">test_PartnerTenderNameHeader</span>
                </div> <!-- method-content -->
              </div> <!-- method -->
              <div class="method">
                <div class="method-content">
                  <a name="test_PartnerTenderNameisDisplayed">
                  </a> <!-- test_PartnerTenderNameisDisplayed -->
                  <span class="method-name">test_PartnerTenderNameisDisplayed</span>
                </div> <!-- method-content -->
              </div> <!-- method -->
              <div class="method">
                <div class="method-content">
                  <a name="test_ProgressIndicators">
                  </a> <!-- test_ProgressIndicators -->
                  <span class="method-name">test_ProgressIndicators</span>
                </div> <!-- method-content -->
              </div> <!-- method -->
              <div class="method">
                <div class="method-content">
                  <a name="test_ValidEnrollmentInputFields">
                  </a> <!-- test_ValidEnrollmentInputFields -->
                  <span class="method-name">test_ValidEnrollmentInputFields</span>
                </div> <!-- method-content -->
              </div> <!-- method -->
              <div class="method">
                <div class="method-content">
                  <a name="test_isDLRequired">
                  </a> <!-- test_isDLRequired -->
                  <span class="method-name">test_isDLRequired</span>
                </div> <!-- method-content -->
              </div> <!-- method -->
            </div> <!-- main-panel-content rounded-window-bottom -->
          </div> <!-- suite-Mobile_BuyDirect_Automation_Test_Suite-class-passed -->
          <div class="suite-Mobile_BuyDirect_Automation_Test_Suite-class-passed">
            <div class="main-panel-header rounded-window-top">
              <img src="passed.png"/>
              <span class="class-name">org.BIMNetworks.BuyDirect_Test.WelcomePageTest</span>
            </div> <!-- main-panel-header rounded-window-top -->
            <div class="main-panel-content rounded-window-bottom">
              <div class="method">
                <div class="method-content">
                  <a name="BrokenImageTest">
                  </a> <!-- BrokenImageTest -->
                  <span class="method-name">BrokenImageTest</span>
                </div> <!-- method-content -->
              </div> <!-- method -->
              <div class="method">
                <div class="method-content">
                  <a name="test_ContinueButton">
                  </a> <!-- test_ContinueButton -->
                  <span class="method-name">test_ContinueButton</span>
                </div> <!-- method-content -->
              </div> <!-- method -->
              <div class="method">
                <div class="method-content">
                  <a name="test_ContinueButtonText">
                  </a> <!-- test_ContinueButtonText -->
                  <span class="method-name">test_ContinueButtonText</span>
                </div> <!-- method-content -->
              </div> <!-- method -->
              <div class="method">
                <div class="method-content">
                  <a name="test_CurrentURL">
                  </a> <!-- test_CurrentURL -->
                  <span class="method-name">test_CurrentURL</span>
                </div> <!-- method-content -->
              </div> <!-- method -->
              <div class="method">
                <div class="method-content">
                  <a name="test_PartnerLogo">
                  </a> <!-- test_PartnerLogo -->
                  <span class="method-name">test_PartnerLogo</span>
                </div> <!-- method-content -->
              </div> <!-- method -->
              <div class="method">
                <div class="method-content">
                  <a name="test_PartnerLogoisDisplayed">
                  </a> <!-- test_PartnerLogoisDisplayed -->
                  <span class="method-name">test_PartnerLogoisDisplayed</span>
                </div> <!-- method-content -->
              </div> <!-- method -->
              <div class="method">
                <div class="method-content">
                  <a name="test_PartnerTenderNameHeader">
                  </a> <!-- test_PartnerTenderNameHeader -->
                  <span class="method-name">test_PartnerTenderNameHeader</span>
                </div> <!-- method-content -->
              </div> <!-- method -->
              <div class="method">
                <div class="method-content">
                  <a name="test_PartnerTenderNameisDisplayed">
                  </a> <!-- test_PartnerTenderNameisDisplayed -->
                  <span class="method-name">test_PartnerTenderNameisDisplayed</span>
                </div> <!-- method-content -->
              </div> <!-- method -->
              <div class="method">
                <div class="method-content">
                  <a name="test_SignInHereLinkTextisDisplayed">
                  </a> <!-- test_SignInHereLinkTextisDisplayed -->
                  <span class="method-name">test_SignInHereLinkTextisDisplayed</span>
                </div> <!-- method-content -->
              </div> <!-- method -->
              <div class="method">
                <div class="method-content">
                  <a name="test_TextBeforeSignInHereLink">
                  </a> <!-- test_TextBeforeSignInHereLink -->
                  <span class="method-name">test_TextBeforeSignInHereLink</span>
                </div> <!-- method-content -->
              </div> <!-- method -->
              <div class="method">
                <div class="method-content">
                  <a name="test_TitleisDisplayedCenter">
                  </a> <!-- test_TitleisDisplayedCenter -->
                  <span class="method-name">test_TitleisDisplayedCenter</span>
                </div> <!-- method-content -->
              </div> <!-- method -->
              <div class="method">
                <div class="method-content">
                  <a name="test_WelcomePageTitle">
                  </a> <!-- test_WelcomePageTitle -->
                  <span class="method-name">test_WelcomePageTitle</span>
                </div> <!-- method-content -->
              </div> <!-- method -->
              <div class="method">
                <div class="method-content">
                  <a name="test_welcomeMessage1">
                  </a> <!-- test_welcomeMessage1 -->
                  <span class="method-name">test_welcomeMessage1</span>
                </div> <!-- method-content -->
              </div> <!-- method -->
              <div class="method">
                <div class="method-content">
                  <a name="test_welcomeMessage2">
                  </a> <!-- test_welcomeMessage2 -->
                  <span class="method-name">test_welcomeMessage2</span>
                </div> <!-- method-content -->
              </div> <!-- method -->
            </div> <!-- main-panel-content rounded-window-bottom -->
          </div> <!-- suite-Mobile_BuyDirect_Automation_Test_Suite-class-passed -->
        </div> <!-- panel Mobile_BuyDirect_Automation_Test_Suite -->
        <div panel-name="test-xml-Mobile_BuyDirect_Automation_Test_Suite" class="panel">
          <div class="main-panel-header rounded-window-top">
            <span class="header-content">D:\BuyDirect_Mob\BuyDirect_Android\src\test\resources\testng.xml</span>
          </div> <!-- main-panel-header rounded-window-top -->
          <div class="main-panel-content rounded-window-bottom">
            <pre>
&lt;?xml version=&quot;1.0&quot; encoding=&quot;UTF-8&quot;?&gt;
&lt;!DOCTYPE suite SYSTEM &quot;https://testng.org/testng-1.0.dtd&quot;&gt;
&lt;suite name=&quot;Mobile BuyDirect Automation Test Suite&quot; guice-stage=&quot;DEVELOPMENT&quot;&gt;
  &lt;listeners&gt;
    &lt;listener class-name=&quot;org.BuyDirect_Android_utils.ExtentTestNGListener&quot;/&gt;
  &lt;/listeners&gt;
  &lt;test thread-count=&quot;5&quot; name=&quot;Test Cases&quot;&gt;
    &lt;classes&gt;
      &lt;class name=&quot;org.BIMNetworks.BuyDirect_Test.BaseTest&quot;/&gt;
      &lt;class name=&quot;org.BIMNetworks.BuyDirect_Test.WelcomePageTest&quot;/&gt;
      &lt;class name=&quot;org.BIMNetworks.BuyDirect_Test.EnrollPageTest&quot;/&gt;
    &lt;/classes&gt;
  &lt;/test&gt; &lt;!-- Test Cases --&gt;
&lt;/suite&gt; &lt;!-- Mobile BuyDirect Automation Test Suite --&gt;
            </pre>
          </div> <!-- main-panel-content rounded-window-bottom -->
        </div> <!-- panel -->
        <div panel-name="testlist-Mobile_BuyDirect_Automation_Test_Suite" class="panel">
          <div class="main-panel-header rounded-window-top">
            <span class="header-content">Tests for Mobile BuyDirect Automation Test Suite</span>
          </div> <!-- main-panel-header rounded-window-top -->
          <div class="main-panel-content rounded-window-bottom">
            <ul>
              <li>
                <span class="test-name">Test Cases (3 classes)</span>
              </li>
            </ul>
          </div> <!-- main-panel-content rounded-window-bottom -->
        </div> <!-- panel -->
        <div panel-name="group-Mobile_BuyDirect_Automation_Test_Suite" class="panel">
          <div class="main-panel-header rounded-window-top">
            <span class="header-content">Groups for Mobile BuyDirect Automation Test Suite</span>
          </div> <!-- main-panel-header rounded-window-top -->
          <div class="main-panel-content rounded-window-bottom">
          </div> <!-- main-panel-content rounded-window-bottom -->
        </div> <!-- panel -->
        <div panel-name="times-Mobile_BuyDirect_Automation_Test_Suite" class="panel">
          <div class="main-panel-header rounded-window-top">
            <span class="header-content">Times for Mobile BuyDirect Automation Test Suite</span>
          </div> <!-- main-panel-header rounded-window-top -->
          <div class="main-panel-content rounded-window-bottom">
            <div class="times-div">
              <script type="text/javascript">
suiteTableInitFunctions.push('tableData_Mobile_BuyDirect_Automation_Test_Suite');
function tableData_Mobile_BuyDirect_Automation_Test_Suite() {
var data = new google.visualization.DataTable();
data.addColumn('number', 'Number');
data.addColumn('string', 'Method');
data.addColumn('string', 'Class');
data.addColumn('number', 'Time (ms)');
data.addRows(29);
data.setCell(0, 0, 0)
data.setCell(0, 1, 'test_FooterText')
data.setCell(0, 2, 'org.BIMNetworks.BuyDirect_Test.EnrollPageTest')
data.setCell(0, 3, 36443);
data.setCell(1, 0, 1)
data.setCell(1, 1, 'test_FooterText')
data.setCell(1, 2, 'org.BIMNetworks.BuyDirect_Test.WelcomePageTest')
data.setCell(1, 3, 34647);
data.setCell(2, 0, 2)
data.setCell(2, 1, 'test_ValidateTermsAndConditions')
data.setCell(2, 2, 'org.BIMNetworks.BuyDirect_Test.EnrollPageTest')
data.setCell(2, 3, 31217);
data.setCell(3, 0, 3)
data.setCell(3, 1, 'test_FooterTextisDisplayed')
data.setCell(3, 2, 'org.BIMNetworks.BuyDirect_Test.WelcomePageTest')
data.setCell(3, 3, 30244);
data.setCell(4, 0, 4)
data.setCell(4, 1, 'test_FooterTextisDisplayed')
data.setCell(4, 2, 'org.BIMNetworks.BuyDirect_Test.EnrollPageTest')
data.setCell(4, 3, 30233);
data.setCell(5, 0, 5)
data.setCell(5, 1, 'test_ValidEnrollmentInputFields')
data.setCell(5, 2, 'org.BIMNetworks.BuyDirect_Test.EnrollPageTest')
data.setCell(5, 3, 20379);
data.setCell(6, 0, 6)
data.setCell(6, 1, 'test_EnrollPageRequiredFieldErrorMessage')
data.setCell(6, 2, 'org.BIMNetworks.BuyDirect_Test.EnrollPageTest')
data.setCell(6, 3, 4376);
data.setCell(7, 0, 7)
data.setCell(7, 1, 'test_ContinueButton')
data.setCell(7, 2, 'org.BIMNetworks.BuyDirect_Test.WelcomePageTest')
data.setCell(7, 3, 3433);
data.setCell(8, 0, 8)
data.setCell(8, 1, 'test_PartnerLogo')
data.setCell(8, 2, 'org.BIMNetworks.BuyDirect_Test.WelcomePageTest')
data.setCell(8, 3, 3413);
data.setCell(9, 0, 9)
data.setCell(9, 1, 'test_welcomeMessage1')
data.setCell(9, 2, 'org.BIMNetworks.BuyDirect_Test.WelcomePageTest')
data.setCell(9, 3, 3386);
data.setCell(10, 0, 10)
data.setCell(10, 1, 'test_welcomeMessage2')
data.setCell(10, 2, 'org.BIMNetworks.BuyDirect_Test.WelcomePageTest')
data.setCell(10, 3, 3288);
data.setCell(11, 0, 11)
data.setCell(11, 1, 'test_isDLRequired')
data.setCell(11, 2, 'org.BIMNetworks.BuyDirect_Test.EnrollPageTest')
data.setCell(11, 3, 3283);
data.setCell(12, 0, 12)
data.setCell(12, 1, 'test_PartnerLogo')
data.setCell(12, 2, 'org.BIMNetworks.BuyDirect_Test.EnrollPageTest')
data.setCell(12, 3, 3040);
data.setCell(13, 0, 13)
data.setCell(13, 1, 'test_PartnerTenderNameHeader')
data.setCell(13, 2, 'org.BIMNetworks.BuyDirect_Test.EnrollPageTest')
data.setCell(13, 3, 2946);
data.setCell(14, 0, 14)
data.setCell(14, 1, 'test_PartnerTenderNameHeader')
data.setCell(14, 2, 'org.BIMNetworks.BuyDirect_Test.WelcomePageTest')
data.setCell(14, 3, 2833);
data.setCell(15, 0, 15)
data.setCell(15, 1, 'test_TitleisDisplayedCenter')
data.setCell(15, 2, 'org.BIMNetworks.BuyDirect_Test.WelcomePageTest')
data.setCell(15, 3, 2760);
data.setCell(16, 0, 16)
data.setCell(16, 1, 'clickOnWelcomePageContinueButton')
data.setCell(16, 2, 'org.BIMNetworks.BuyDirect_Test.EnrollPageTest')
data.setCell(16, 3, 2718);
data.setCell(17, 0, 17)
data.setCell(17, 1, 'BrokenImageTest')
data.setCell(17, 2, 'org.BIMNetworks.BuyDirect_Test.WelcomePageTest')
data.setCell(17, 3, 1718);
data.setCell(18, 0, 18)
data.setCell(18, 1, 'BrokenImageTest')
data.setCell(18, 2, 'org.BIMNetworks.BuyDirect_Test.EnrollPageTest')
data.setCell(18, 3, 1114);
data.setCell(19, 0, 19)
data.setCell(19, 1, 'test_SignInHereLinkTextisDisplayed')
data.setCell(19, 2, 'org.BIMNetworks.BuyDirect_Test.WelcomePageTest')
data.setCell(19, 3, 748);
data.setCell(20, 0, 20)
data.setCell(20, 1, 'test_ContinueButtonText')
data.setCell(20, 2, 'org.BIMNetworks.BuyDirect_Test.WelcomePageTest')
data.setCell(20, 3, 585);
data.setCell(21, 0, 21)
data.setCell(21, 1, 'test_TextBeforeSignInHereLink')
data.setCell(21, 2, 'org.BIMNetworks.BuyDirect_Test.WelcomePageTest')
data.setCell(21, 3, 494);
data.setCell(22, 0, 22)
data.setCell(22, 1, 'test_ProgressIndicators')
data.setCell(22, 2, 'org.BIMNetworks.BuyDirect_Test.EnrollPageTest')
data.setCell(22, 3, 476);
data.setCell(23, 0, 23)
data.setCell(23, 1, 'test_WelcomePageTitle')
data.setCell(23, 2, 'org.BIMNetworks.BuyDirect_Test.WelcomePageTest')
data.setCell(23, 3, 436);
data.setCell(24, 0, 24)
data.setCell(24, 1, 'test_PartnerTenderNameisDisplayed')
data.setCell(24, 2, 'org.BIMNetworks.BuyDirect_Test.EnrollPageTest')
data.setCell(24, 3, 247);
data.setCell(25, 0, 25)
data.setCell(25, 1, 'test_PartnerLogoisDisplayed')
data.setCell(25, 2, 'org.BIMNetworks.BuyDirect_Test.WelcomePageTest')
data.setCell(25, 3, 242);
data.setCell(26, 0, 26)
data.setCell(26, 1, 'test_PartnerLogoisDisplayed')
data.setCell(26, 2, 'org.BIMNetworks.BuyDirect_Test.EnrollPageTest')
data.setCell(26, 3, 234);
data.setCell(27, 0, 27)
data.setCell(27, 1, 'test_PartnerTenderNameisDisplayed')
data.setCell(27, 2, 'org.BIMNetworks.BuyDirect_Test.WelcomePageTest')
data.setCell(27, 3, 232);
data.setCell(28, 0, 28)
data.setCell(28, 1, 'test_CurrentURL')
data.setCell(28, 2, 'org.BIMNetworks.BuyDirect_Test.WelcomePageTest')
data.setCell(28, 3, 79);
window.suiteTableData['Mobile_BuyDirect_Automation_Test_Suite']= { tableData: data, tableDiv: 'times-div-Mobile_BuyDirect_Automation_Test_Suite'}
return data;
}
              </script>
              <span class="suite-total-time">Total running time: 3 minutes</span>
              <div id="times-div-Mobile_BuyDirect_Automation_Test_Suite">
              </div> <!-- times-div-Mobile_BuyDirect_Automation_Test_Suite -->
            </div> <!-- times-div -->
          </div> <!-- main-panel-content rounded-window-bottom -->
        </div> <!-- panel -->
        <div panel-name="reporter-Mobile_BuyDirect_Automation_Test_Suite" class="panel">
          <div class="main-panel-header rounded-window-top">
            <span class="header-content">Reporter output for Mobile BuyDirect Automation Test Suite</span>
          </div> <!-- main-panel-header rounded-window-top -->
          <div class="main-panel-content rounded-window-bottom">
          </div> <!-- main-panel-content rounded-window-bottom -->
        </div> <!-- panel -->
        <div panel-name="ignored-methods-Mobile_BuyDirect_Automation_Test_Suite" class="panel">
          <div class="main-panel-header rounded-window-top">
            <span class="header-content">0 ignored methods</span>
          </div> <!-- main-panel-header rounded-window-top -->
          <div class="main-panel-content rounded-window-bottom">
          </div> <!-- main-panel-content rounded-window-bottom -->
        </div> <!-- panel -->
        <div panel-name="chronological-Mobile_BuyDirect_Automation_Test_Suite" class="panel">
          <div class="main-panel-header rounded-window-top">
            <span class="header-content">Methods in chronological order</span>
          </div> <!-- main-panel-header rounded-window-top -->
          <div class="main-panel-content rounded-window-bottom">
            <div class="chronological-class">
              <div class="chronological-class-name">org.BIMNetworks.BuyDirect_Test.WelcomePageTest</div> <!-- chronological-class-name -->
              <div class="configuration-class before">
                <span class="method-name">configureAppium</span>
                <span class="method-start">0 ms</span>
              </div> <!-- configuration-class before -->
              <div class="configuration-class before">
                <span class="method-name">driverInitialization</span>
                <span class="method-start">43902 ms</span>
              </div> <!-- configuration-class before -->
              <div class="test-method">
                <img src="failed.png">
                </img>
                <span class="method-name">test_FooterText</span>
                <span class="method-start">45610 ms</span>
              </div> <!-- test-method -->
              <div class="test-method">
                <img src="failed.png">
                </img>
                <span class="method-name">test_FooterTextisDisplayed</span>
                <span class="method-start">80752 ms</span>
              </div> <!-- test-method -->
              <div class="test-method">
                <span class="method-name">test_PartnerLogo</span>
                <span class="method-start">111410 ms</span>
              </div> <!-- test-method -->
              <div class="test-method">
                <span class="method-name">test_SignInHereLinkTextisDisplayed</span>
                <span class="method-start">114826 ms</span>
              </div> <!-- test-method -->
              <div class="test-method">
                <span class="method-name">test_TextBeforeSignInHereLink</span>
                <span class="method-start">115576 ms</span>
              </div> <!-- test-method -->
              <div class="test-method">
                <span class="method-name">test_TitleisDisplayedCenter</span>
                <span class="method-start">116072 ms</span>
              </div> <!-- test-method -->
              <div class="test-method">
                <span class="method-name">test_welcomeMessage1</span>
                <span class="method-start">118838 ms</span>
              </div> <!-- test-method -->
              <div class="test-method">
                <span class="method-name">test_welcomeMessage2</span>
                <span class="method-start">122226 ms</span>
              </div> <!-- test-method -->
              <div class="test-method">
                <span class="method-name">BrokenImageTest</span>
                <span class="method-start">125516 ms</span>
              </div> <!-- test-method -->
              <div class="test-method">
                <span class="method-name">test_ContinueButtonText</span>
                <span class="method-start">127237 ms</span>
              </div> <!-- test-method -->
              <div class="test-method">
                <span class="method-name">test_CurrentURL</span>
                <span class="method-start">127829 ms</span>
              </div> <!-- test-method -->
              <div class="test-method">
                <span class="method-name">test_PartnerLogoisDisplayed</span>
                <span class="method-start">127916 ms</span>
              </div> <!-- test-method -->
              <div class="test-method">
                <span class="method-name">test_PartnerTenderNameHeader</span>
                <span class="method-start">128161 ms</span>
              </div> <!-- test-method -->
              <div class="test-method">
                <span class="method-name">test_PartnerTenderNameisDisplayed</span>
                <span class="method-start">130997 ms</span>
              </div> <!-- test-method -->
              <div class="test-method">
                <span class="method-name">test_WelcomePageTitle</span>
                <span class="method-start">131231 ms</span>
              </div> <!-- test-method -->
              <div class="test-method">
                <span class="method-name">test_ContinueButton</span>
                <span class="method-start">131674 ms</span>
              </div> <!-- test-method -->
              <div class="configuration-class after">
                <span class="method-name">tearDown</span>
                <span class="method-start">135109 ms</span>
              </div> <!-- configuration-class after -->
            </div> <!-- chronological-class -->
            <div class="chronological-class">
              <div class="chronological-class-name">org.BIMNetworks.BuyDirect_Test.EnrollPageTest</div> <!-- chronological-class-name -->
              <div class="configuration-class before">
                <span class="method-name">configureAppium</span>
                <span class="method-start">137128 ms</span>
              </div> <!-- configuration-class before -->
              <div class="configuration-class before">
                <span class="method-name">driverInitialization</span>
                <span class="method-start">178615 ms</span>
              </div> <!-- configuration-class before -->
              <div class="test-method">
                <span class="method-name">BrokenImageTest</span>
                <span class="method-start">178639 ms</span>
              </div> <!-- test-method -->
              <div class="test-method">
                <span class="method-name">clickOnWelcomePageContinueButton</span>
                <span class="method-start">179754 ms</span>
              </div> <!-- test-method -->
              <div class="test-method">
                <span class="method-name">test_EnrollPageRequiredFieldErrorMessage</span>
                <span class="method-start">182474 ms</span>
              </div> <!-- test-method -->
              <div class="test-method">
                <img src="failed.png">
                </img>
                <span class="method-name">test_FooterText</span>
                <span class="method-start">186852 ms</span>
              </div> <!-- test-method -->
              <div class="test-method">
                <img src="failed.png">
                </img>
                <span class="method-name">test_FooterTextisDisplayed</span>
                <span class="method-start">223825 ms</span>
              </div> <!-- test-method -->
              <div class="test-method">
                <span class="method-name">test_PartnerLogo</span>
                <span class="method-start">254496 ms</span>
              </div> <!-- test-method -->
              <div class="test-method">
                <span class="method-name">test_PartnerLogoisDisplayed</span>
                <span class="method-start">257538 ms</span>
              </div> <!-- test-method -->
              <div class="test-method">
                <span class="method-name">test_PartnerTenderNameHeader</span>
                <span class="method-start">257775 ms</span>
              </div> <!-- test-method -->
              <div class="test-method">
                <span class="method-name">test_PartnerTenderNameisDisplayed</span>
                <span class="method-start">260727 ms</span>
              </div> <!-- test-method -->
              <div class="test-method">
                <span class="method-name">test_ProgressIndicators</span>
                <span class="method-start">260977 ms</span>
              </div> <!-- test-method -->
              <div class="test-method">
                <span class="method-name">test_ValidEnrollmentInputFields</span>
                <span class="method-start">261454 ms</span>
              </div> <!-- test-method -->
              <div class="test-method">
                <img src="failed.png">
                </img>
                <span class="method-name">test_ValidateTermsAndConditions</span>
                <span class="method-start">281836 ms</span>
              </div> <!-- test-method -->
              <div class="test-method">
                <span class="method-name">test_isDLRequired</span>
                <span class="method-start">313392 ms</span>
              </div> <!-- test-method -->
              <div class="configuration-class after">
                <span class="method-name">tearDown</span>
                <span class="method-start">316677 ms</span>
              </div> <!-- configuration-class after -->
          </div> <!-- main-panel-content rounded-window-bottom -->
        </div> <!-- panel -->
      </div> <!-- main-panel-root -->
    </div> <!-- wrapper -->
  </body>
<script type="text/javascript" src="testng-reports2.js"></script>
</html>
