<?xml version="1.0" encoding="UTF-8"?>
<!-- Generated by org.testng.reporters.JUnitReportReporter -->
<testsuite hostname="NUC2" failures="0" tests="37" name="com.BuyDirect.tests.EnrollPageTest" time="177.695" errors="1" timestamp="2024-09-06T15:59:09 IST" skipped="0">
  <testcase classname="com.BuyDirect.tests.EnrollPageTest" name="testPartnerLogo" time="3.235"/>
  <system-out/>
  <testcase classname="com.BuyDirect.tests.EnrollPageTest" name="test_FooterTextisDisplayed" time="1.082"/>
  <system-out/>
  <testcase classname="com.BuyDirect.tests.EnrollPageTest" name="testTextNotificationsLinkTextIsDisplayed" time="1.981"/>
  <system-out/>
  <testcase classname="com.BuyDirect.tests.EnrollPageTest" name="validateMobilePhonePlaceholder" time="1.157"/>
  <system-out/>
  <testcase classname="com.BuyDirect.tests.EnrollPageTest" name="testCreatePinToolTipDisplayAndHide" time="16.775"/>
  <system-out/>
  <testcase classname="com.BuyDirect.tests.EnrollPageTest" name="validateCreatePINPlaceholder" time="1.152"/>
  <system-out/>
  <testcase classname="com.BuyDirect.tests.EnrollPageTest" name="testSignInHereLinkTextisDisplayed" time="1.876"/>
  <system-out/>
  <testcase classname="com.BuyDirect.tests.EnrollPageTest" name="testValidEnrollmentInputFields" time="0.005">
    <error message="Index 1 out of bounds for length 1" type="java.lang.ArrayIndexOutOfBoundsException">
      <![CDATA[java.lang.ArrayIndexOutOfBoundsException: Index 1 out of bounds for length 1
at com.BuyDirect.utils.Helper.generateRandomEmail(Helper.java:76)
at com.BuyDirect.tests.EnrollPageTest.testValidEnrollmentInputFields(EnrollPageTest.java:795)
at java.base/jdk.internal.reflect.DirectMethodHandleAccessor.invoke(DirectMethodHandleAccessor.java:103)
at java.base/java.lang.reflect.Method.invoke(Method.java:580)
at org.testng.internal.MethodInvocationHelper.invokeMethod(MethodInvocationHelper.java:133)
at org.testng.internal.TestInvoker.invokeMethod(TestInvoker.java:598)
at org.testng.internal.TestInvoker.invokeTestMethod(TestInvoker.java:173)
at org.testng.internal.MethodRunner.runInSequence(MethodRunner.java:46)
at org.testng.internal.TestInvoker$MethodInvocationAgent.invoke(TestInvoker.java:824)
at org.testng.internal.TestInvoker.invokeTestMethods(TestInvoker.java:146)
at org.testng.internal.TestMethodWorker.invokeTestMethods(TestMethodWorker.java:146)
at org.testng.internal.TestMethodWorker.run(TestMethodWorker.java:128)
at java.base/java.util.ArrayList.forEach(ArrayList.java:1597)
at org.testng.TestRunner.privateRun(TestRunner.java:794)
at org.testng.TestRunner.run(TestRunner.java:596)
at org.testng.SuiteRunner.runTest(SuiteRunner.java:377)
at org.testng.SuiteRunner.runSequentially(SuiteRunner.java:371)
at org.testng.SuiteRunner.privateRun(SuiteRunner.java:332)
at org.testng.SuiteRunner.run(SuiteRunner.java:276)
at org.testng.SuiteRunnerWorker.runSuite(SuiteRunnerWorker.java:53)
at org.testng.SuiteRunnerWorker.run(SuiteRunnerWorker.java:96)
at org.testng.TestNG.runSuitesSequentially(TestNG.java:1212)
at org.testng.TestNG.runSuitesLocally(TestNG.java:1134)
at org.testng.TestNG.runSuites(TestNG.java:1063)
at org.testng.TestNG.run(TestNG.java:1031)
at org.testng.remote.AbstractRemoteTestNG.run(AbstractRemoteTestNG.java:115)
at org.testng.remote.RemoteTestNG.initAndRun(RemoteTestNG.java:293)
at org.testng.remote.RemoteTestNG.main(RemoteTestNG.java:91)
]]>
    </error>
  </testcase> <!-- testValidEnrollmentInputFields -->
  <system-out/>
  <testcase classname="com.BuyDirect.tests.EnrollPageTest" name="testLastNameLabelIsDisplayedAndCorrect" time="2.401"/>
  <system-out/>
  <testcase classname="com.BuyDirect.tests.EnrollPageTest" name="testTextNotificationsLinkOpensNewWindow" time="12.742"/>
  <system-out/>
  <testcase classname="com.BuyDirect.tests.EnrollPageTest" name="testFirstNameLabelIsDisplayedAndCorrect" time="3.056"/>
  <system-out/>
  <testcase classname="com.BuyDirect.tests.EnrollPageTest" name="testEnrollPageRequiredFieldErrorMessage" time="17.501"/>
  <system-out/>
  <testcase classname="com.BuyDirect.tests.EnrollPageTest" name="testCombinedTermsAndConditionsText" time="4.442"/>
  <system-out/>
  <testcase classname="com.BuyDirect.tests.EnrollPageTest" name="testProgressIndicators" time="1.126"/>
  <system-out/>
  <testcase classname="com.BuyDirect.tests.EnrollPageTest" name="testTextBeforeSignInHereLink" time="0.826"/>
  <system-out/>
  <testcase classname="com.BuyDirect.tests.EnrollPageTest" name="testTermsAndConditionsLinkTextIsDisplayed" time="1.126"/>
  <system-out/>
  <testcase classname="com.BuyDirect.tests.EnrollPageTest" name="validateLastNamePlaceholder" time="1.167"/>
  <system-out/>
  <testcase classname="com.BuyDirect.tests.EnrollPageTest" name="testTextNotificationsTextIsDisplayed" time="0.681"/>
  <system-out/>
  <testcase classname="com.BuyDirect.tests.EnrollPageTest" name="validateFirstNamePlaceholder" time="1.065"/>
  <system-out/>
  <testcase classname="com.BuyDirect.tests.EnrollPageTest" name="testMobilePhoneLabelIsDisplayedAndCorrect" time="2.174"/>
  <system-out/>
  <testcase classname="com.BuyDirect.tests.EnrollPageTest" name="validateEmailAddressPlaceholder" time="1.160"/>
  <system-out/>
  <testcase classname="com.BuyDirect.tests.EnrollPageTest" name="testPartnerTenderNameisDisplayed" time="0.623"/>
  <system-out/>
  <testcase classname="com.BuyDirect.tests.EnrollPageTest" name="testEmailLabelIsDisplayedAndCorrect" time="3.241"/>
  <system-out/>
  <testcase classname="com.BuyDirect.tests.EnrollPageTest" name="testTermsAndConditionsLinkOpensNewWindow" time="11.655"/>
  <system-out/>
  <testcase classname="com.BuyDirect.tests.EnrollPageTest" name="brokenImageTest" time="1.807"/>
  <system-out/>
  <testcase classname="com.BuyDirect.tests.EnrollPageTest" name="testProgressIndicatorsOnEnrollPage" time="7.666"/>
  <system-out/>
  <testcase classname="com.BuyDirect.tests.EnrollPageTest" name="testPinFieldWithToggle" time="13.735"/>
  <system-out/>
  <testcase classname="com.BuyDirect.tests.EnrollPageTest" name="testTermsAndConditionsBeforeTextIsDisplayed" time="3.388"/>
  <system-out/>
  <testcase classname="com.BuyDirect.tests.EnrollPageTest" name="testTextNotificationsLinkIsNotBroken" time="1.499"/>
  <system-out/>
  <testcase classname="com.BuyDirect.tests.EnrollPageTest" name="testValidateTermsAndConditions" time="40.233"/>
  <system-out/>
  <testcase classname="com.BuyDirect.tests.EnrollPageTest" name="clickOnWelcomePageContinueButton" time="3.692"/>
  <system-out/>
  <testcase classname="com.BuyDirect.tests.EnrollPageTest" name="test_FooterText" time="3.816"/>
  <system-out/>
  <testcase classname="com.BuyDirect.tests.EnrollPageTest" name="testTermsAndConditionsLinkIsNotBroken" time="2.634"/>
  <system-out/>
  <testcase classname="com.BuyDirect.tests.EnrollPageTest" name="testCreatePINLabelIsDisplayedAndCorrect" time="2.267"/>
  <system-out/>
  <testcase classname="com.BuyDirect.tests.EnrollPageTest" name="testContinueButtonText" time="1.117"/>
  <system-out/>
  <testcase classname="com.BuyDirect.tests.EnrollPageTest" name="test_PartnerLogoisDisplayed" time="0.587"/>
  <system-out/>
  <testcase classname="com.BuyDirect.tests.EnrollPageTest" name="testPartnerTenderNameHeader" time="3.005"/>
  <system-out/>
</testsuite> <!-- com.BuyDirect.tests.EnrollPageTest -->
